c:\users\laris\onedrive\documentos\ds-master\cg\lib\cgd.pdb
c:\users\laris\onedrive\documentos\ds-master\cg\lib\cgd.idb
c:\users\laris\onedrive\documentos\ds-master\cg\build\vs2022\x64\debug\gl3w.obj
c:\users\laris\onedrive\documentos\ds-master\cg\build\vs2022\x64\debug\glframebuffer.obj
c:\users\laris\onedrive\documentos\ds-master\cg\build\vs2022\x64\debug\color.obj
c:\users\laris\onedrive\documentos\ds-master\cg\build\vs2022\x64\debug\camera.obj
c:\users\laris\onedrive\documentos\ds-master\cg\build\vs2022\x64\debug\assets.obj
c:\users\laris\onedrive\documentos\ds-master\cg\build\vs2022\x64\debug\application.obj
c:\users\laris\onedrive\documentos\ds-master\cg\build\vs2022\x64\debug\trianglemeshbvh.obj
c:\users\laris\onedrive\documentos\ds-master\cg\build\vs2022\x64\debug\trianglemesh.obj
c:\users\laris\onedrive\documentos\ds-master\cg\build\vs2022\x64\debug\meshsweeper.obj
c:\users\laris\onedrive\documentos\ds-master\cg\build\vs2022\x64\debug\bvh.obj
c:\users\laris\onedrive\documentos\ds-master\cg\build\vs2022\x64\debug\animatedalgorithm.obj
c:\users\laris\onedrive\documentos\ds-master\cg\build\vs2022\x64\debug\exception.obj
c:\users\laris\onedrive\documentos\ds-master\cg\build\vs2022\x64\debug\nameableobject.obj
c:\users\laris\onedrive\documentos\ds-master\cg\build\vs2022\x64\debug\blockallocator.obj
c:\users\laris\onedrive\documentos\ds-master\cg\build\vs2022\x64\debug\trianglemeshmapper.obj
c:\users\laris\onedrive\documentos\ds-master\cg\build\vs2022\x64\debug\imgui_widgets.obj
c:\users\laris\onedrive\documentos\ds-master\cg\build\vs2022\x64\debug\imgui_tables.obj
c:\users\laris\onedrive\documentos\ds-master\cg\build\vs2022\x64\debug\imgui_impl_opengl3.obj
c:\users\laris\onedrive\documentos\ds-master\cg\build\vs2022\x64\debug\imgui_impl_glfw.obj
c:\users\laris\onedrive\documentos\ds-master\cg\build\vs2022\x64\debug\imgui_draw.obj
c:\users\laris\onedrive\documentos\ds-master\cg\build\vs2022\x64\debug\imgui.obj
c:\users\laris\onedrive\documentos\ds-master\cg\build\vs2022\x64\debug\sceneeditor.obj
c:\users\laris\onedrive\documentos\ds-master\cg\build\vs2022\x64\debug\renderer.obj
c:\users\laris\onedrive\documentos\ds-master\cg\build\vs2022\x64\debug\primitivemapper.obj
c:\users\laris\onedrive\documentos\ds-master\cg\build\vs2022\x64\debug\primitivebvh.obj
c:\users\laris\onedrive\documentos\ds-master\cg\build\vs2022\x64\debug\primitive.obj
c:\users\laris\onedrive\documentos\ds-master\cg\build\vs2022\x64\debug\light.obj
c:\users\laris\onedrive\documentos\ds-master\cg\build\vs2022\x64\debug\image.obj
c:\users\laris\onedrive\documentos\ds-master\cg\build\vs2022\x64\debug\glwindow.obj
c:\users\laris\onedrive\documentos\ds-master\cg\build\vs2022\x64\debug\gltextureframebuffer.obj
c:\users\laris\onedrive\documentos\ds-master\cg\build\vs2022\x64\debug\glrenderwindow3.obj
c:\users\laris\onedrive\documentos\ds-master\cg\build\vs2022\x64\debug\glrenderwindow2.obj
c:\users\laris\onedrive\documentos\ds-master\cg\build\vs2022\x64\debug\glrendererbase.obj
c:\users\laris\onedrive\documentos\ds-master\cg\build\vs2022\x64\debug\glrenderer.obj
c:\users\laris\onedrive\documentos\ds-master\cg\build\vs2022\x64\debug\glprogram.obj
c:\users\laris\onedrive\documentos\ds-master\cg\build\vs2022\x64\debug\glmeshrenderer.obj
c:\users\laris\onedrive\documentos\ds-master\cg\build\vs2022\x64\debug\glmesh.obj
c:\users\laris\onedrive\documentos\ds-master\cg\build\vs2022\x64\debug\glimage.obj
c:\users\laris\onedrive\documentos\ds-master\cg\build\vs2022\x64\debug\glgraphicsbase.obj
c:\users\laris\onedrive\documentos\ds-master\cg\build\vs2022\x64\debug\glgraphics3.obj
c:\users\laris\onedrive\documentos\ds-master\cg\build\vs2022\x64\debug\glgraphics2.obj
c:\users\laris\onedrive\documentos\ds-master\cg\build\vs2022\x64\debug\meshreader.obj
c:\users\laris\onedrive\documentos\ds-master\cg\build\vs2022\x64\debug\transform.obj
c:\users\laris\onedrive\documentos\ds-master\cg\build\vs2022\x64\debug\scenewindow.obj
c:\users\laris\onedrive\documentos\ds-master\cg\build\vs2022\x64\debug\sceneobjectbuilder.obj
c:\users\laris\onedrive\documentos\ds-master\cg\build\vs2022\x64\debug\sceneobject.obj
c:\users\laris\onedrive\documentos\ds-master\cg\build\vs2022\x64\debug\primitiveproxy.obj
c:\users\laris\onedrive\documentos\ds-master\cg\build\vs2022\x64\debug\lightproxy.obj
c:\users\laris\onedrive\documentos\ds-master\cg\build\vs2022\x64\debug\component.obj
c:\users\laris\onedrive\documentos\ds-master\cg\build\vs2022\x64\debug\cameraproxy.obj
c:\users\laris\onedrive\documentos\ds-master\cg\build\vs2022\x64\debug\trianglemeshshape.obj
c:\users\laris\onedrive\documentos\ds-master\cg\build\vs2022\x64\debug\transformableobject.obj
c:\users\laris\onedrive\documentos\ds-master\cg\build\vs2022\x64\debug\shape.obj
c:\users\laris\onedrive\documentos\ds-master\cg\build\vs2022\x64\debug\scenewindowbase.obj
c:\users\laris\onedrive\documentos\ds-master\cg\lib\cgd.lib
c:\users\laris\onedrive\documentos\ds-master\cg\build\vs2022\x64\debug\cg.tlog\cl.command.1.tlog
c:\users\laris\onedrive\documentos\ds-master\cg\build\vs2022\x64\debug\cg.tlog\cl.read.1.tlog
c:\users\laris\onedrive\documentos\ds-master\cg\build\vs2022\x64\debug\cg.tlog\cl.write.1.tlog
c:\users\laris\onedrive\documentos\ds-master\cg\build\vs2022\x64\debug\cg.tlog\lib-link.read.1.tlog
c:\users\laris\onedrive\documentos\ds-master\cg\build\vs2022\x64\debug\cg.tlog\lib-link.write.1.tlog
c:\users\laris\onedrive\documentos\ds-master\cg\build\vs2022\x64\debug\cg.tlog\lib.command.1.tlog
