c:\users\laris\onedrive\documentos\ds-master\apps\cgdemo\build\vs2022\x64\debug\vc143.pdb
c:\users\laris\onedrive\documentos\ds-master\apps\cgdemo\build\vs2022\x64\debug\vc143.idb
c:\users\laris\onedrive\documentos\ds-master\apps\cgdemo\build\vs2022\x64\debug\scope.obj
c:\users\laris\onedrive\documentos\ds-master\apps\cgdemo\build\vs2022\x64\debug\scenereader.obj
c:\users\laris\onedrive\documentos\ds-master\apps\cgdemo\build\vs2022\x64\debug\readerbase.obj
c:\users\laris\onedrive\documentos\ds-master\apps\cgdemo\build\vs2022\x64\debug\filebuffer.obj
c:\users\laris\onedrive\documentos\ds-master\apps\cgdemo\build\vs2022\x64\debug\expression.obj
c:\users\laris\onedrive\documentos\ds-master\apps\cgdemo\build\vs2022\x64\debug\errorhandler.obj
c:\users\laris\onedrive\documentos\ds-master\apps\cgdemo\build\vs2022\x64\debug\buffer.obj
c:\users\laris\onedrive\documentos\ds-master\apps\cgdemo\build\vs2022\x64\debug\abstractparser.obj
c:\users\laris\onedrive\documentos\ds-master\apps\cgdemo\build\vs2022\x64\debug\raytracer.obj
c:\users\laris\onedrive\documentos\ds-master\apps\cgdemo\build\vs2022\x64\debug\mainwindow.obj
c:\users\laris\onedrive\documentos\ds-master\apps\cgdemo\build\vs2022\x64\debug\main.obj
c:\users\laris\onedrive\documentos\ds-master\apps\cgdemo\build\vs2022\x64\debug\cgdemo.ilk
c:\users\laris\onedrive\documentos\ds-master\apps\cgdemo\cgdemo.exe
c:\users\laris\onedrive\documentos\ds-master\apps\cgdemo\cgdemo.pdb
c:\users\laris\onedrive\documentos\ds-master\apps\cgdemo\build\vs2022\..\..\cgdemo.pdb
c:\users\laris\onedrive\documentos\ds-master\apps\cgdemo\build\vs2022\x64\debug\cgdemo.tlog\cl.command.1.tlog
c:\users\laris\onedrive\documentos\ds-master\apps\cgdemo\build\vs2022\x64\debug\cgdemo.tlog\cl.read.1.tlog
c:\users\laris\onedrive\documentos\ds-master\apps\cgdemo\build\vs2022\x64\debug\cgdemo.tlog\cl.write.1.tlog
c:\users\laris\onedrive\documentos\ds-master\apps\cgdemo\build\vs2022\x64\debug\cgdemo.tlog\link.command.1.tlog
c:\users\laris\onedrive\documentos\ds-master\apps\cgdemo\build\vs2022\x64\debug\cgdemo.tlog\link.read.1.tlog
c:\users\laris\onedrive\documentos\ds-master\apps\cgdemo\build\vs2022\x64\debug\cgdemo.tlog\link.write.1.tlog
