  Main.cpp
  MainWindow.cpp
  RayTracer.cpp
  AbstractParser.cpp
  Buffer.cpp
  ErrorHandler.cpp
  Expression.cpp
  FileBuffer.cpp
  ReaderBase.cpp
  SceneReader.cpp
  Scope.cpp
  ProxyVarredura.cpp
C:\Users\laris\OneDrive\Documentos\Ds-master\apps\cgdemo\build\vs2022\ProxyVarredura.h(78,43): error C3779: 'VarreduraProxy::executaVarredura': uma função que retorna 'auto' não pode ser usada antes de ser definida
C:\Users\laris\OneDrive\Documentos\Ds-master\apps\cgdemo\build\vs2022\ProxyVarredura.h(84): message : consulte a declaração de 'VarreduraProxy::executaVarredura'
C:\Users\laris\OneDrive\Documentos\Ds-master\apps\cgdemo\build\vs2022\ProxyVarredura.h(78,1): error C2512: 'cg::TriangleMeshMapper': nenhum construtor padrão apropriado disponível
C:\Users\laris\OneDrive\Documentos\Ds-master\apps\cgdemo\build\vs2022\ProxyVarredura.h(78,1): message : Nenhum construtor pôde receber o tipo de origem, ou resolução de sobrecarga de construtor foi ambígua
C:\Users\laris\OneDrive\Documentos\Ds-master\apps\cgdemo\build\vs2022\ProxyVarredura.h(78,17): error C2512: 'cg::graph::PrimitiveProxy::PrimitiveProxy': nenhum construtor padrão apropriado disponível
C:\Users\laris\OneDrive\Documentos\Ds-master\apps\cgdemo\build\vs2022\ProxyVarredura.h(92,1): error C2440: 'inicializando': não é possível converter de 'initializer list' para 'VarreduraProxy'
C:\Users\laris\OneDrive\Documentos\Ds-master\apps\cgdemo\build\vs2022\ProxyVarredura.h(92,1): message : Nenhum construtor pôde receber o tipo de origem, ou resolução de sobrecarga de construtor foi ambígua
C:\Users\laris\OneDrive\Documentos\Ds-master\apps\cgdemo\build\vs2022\ProxyVarredura.cpp(84,16): warning C4244: 'inicializando': conversão de 'real' para 'int', possível perda de dados
          with
          [
              real=double
          ]
C:\Users\laris\OneDrive\Documentos\Ds-master\apps\cgdemo\build\vs2022\ProxyVarredura.cpp(194,16): warning C4244: 'inicializando': conversão de 'int' para 'float', possível perda de dados
C:\Users\laris\OneDrive\Documentos\Ds-master\apps\cgdemo\build\vs2022\ProxyVarredura.cpp(195,9): warning C4244: 'inicializando': conversão de 'float' para 'int', possível perda de dados
C:\Users\laris\OneDrive\Documentos\Ds-master\apps\cgdemo\build\vs2022\ProxyVarredura.cpp(196,9): warning C4244: 'inicializando': conversão de 'float' para 'int', possível perda de dados
C:\Users\laris\OneDrive\Documentos\Ds-master\apps\cgdemo\build\vs2022\ProxyVarredura.cpp(270,9): warning C4244: 'inicializando': conversão de 'float' para 'int', possível perda de dados
C:\Users\laris\OneDrive\Documentos\Ds-master\apps\cgdemo\build\vs2022\ProxyVarredura.cpp(284,11): error C2653: 'parametros': não é um nome de classe ou de namespace
C:\Users\laris\OneDrive\Documentos\Ds-master\apps\cgdemo\build\vs2022\ProxyVarredura.cpp(284,33): error C2065: '_nPontos': identificador não declarado
  Gerando Código...
